{"uuid":"2547a8bc-f8f7-46ce-b847-1cd4b93a1a6d","historyId":"532d4d65598369754eb8801bc64c4d3","fullName":"src/test/resources/Features/itemProductCount.feature:2","labels":[{"name":"host","value":"Gurps-MacBook-Pro.local"},{"name":"thread","value":"88903@Gurps-MacBook-Pro.local.main(1)"},{"name":"feature","value":"count the total unique product in the basket"},{"name":"story","value":"count unique products in the basket"},{"name":"suite","value":"count the total unique product in the basket"},{"name":"testClass","value":"count unique products in the basket"},{"name":"framework","value":"cucumber4jvm"},{"name":"language","value":"java"},{"name":"gherkin_uri","value":"file:///Users/gurpreet/Documents/mytesting/LearnWithShoppingCartJava/src/test/resources/Features/itemProductCount.feature"},{"name":"package","value":"src.test.resources.Features.itemProductCount_feature.count the total unique product in the basket"}],"links":[],"name":"count unique products in the basket","status":"broken","statusDetails":{"known":false,"muted":false,"flaky":false,"message":"\nCan't find any field or property with name 'Appwle'.\nError when introspecting properties was :\n- No getter for property 'Appwle' in java.util.HashMap \nError when introspecting fields was :\n- Unable to obtain the value of the field <'Appwle'> from <{Lime=2, Apple=4, Watermelon=1, Melon=1}>","trace":"org.assertj.core.util.introspection.IntrospectionError: \nCan't find any field or property with name 'Appwle'.\nError when introspecting properties was :\n- No getter for property 'Appwle' in java.util.HashMap \nError when introspecting fields was :\n- Unable to obtain the value of the field <'Appwle'> from <{Lime=2, Apple=4, Watermelon=1, Melon=1}>\n\tat org.assertj.core.util.introspection.PropertyOrFieldSupport.getSimpleValue(PropertyOrFieldSupport.java:91)\n\tat org.assertj.core.util.introspection.PropertyOrFieldSupport.getValueOf(PropertyOrFieldSupport.java:61)\n\tat org.assertj.core.extractor.ByNameSingleExtractor.apply(ByNameSingleExtractor.java:29)\n\tat org.assertj.core.api.AbstractAssert.extracting(AbstractAssert.java:1137)\n\tat org.assertj.core.api.AbstractObjectAssert.extracting(AbstractObjectAssert.java:843)\n\tat StepDefinitions.ItemProductCountTest.total_unique_count_occurs_for_each_product(ItemProductCountTest.java:38)\n\tat ✽.total unique count occurs for each product(file:///Users/gurpreet/Documents/mytesting/LearnWithShoppingCartJava/src/test/resources/Features/itemProductCount.feature:5)\nCaused by: org.assertj.core.util.introspection.IntrospectionError: Unable to obtain the value of the field <'Appwle'> from <{Lime=2, Apple=4, Watermelon=1, Melon=1}>\n\tat org.assertj.core.util.introspection.FieldSupport.readSimpleField(FieldSupport.java:248)\n\tat org.assertj.core.util.introspection.FieldSupport.fieldValue(FieldSupport.java:202)\n\tat org.assertj.core.util.introspection.PropertyOrFieldSupport.getSimpleValue(PropertyOrFieldSupport.java:75)\n\tat org.assertj.core.util.introspection.PropertyOrFieldSupport.getValueOf(PropertyOrFieldSupport.java:61)\n\tat org.assertj.core.extractor.ByNameSingleExtractor.apply(ByNameSingleExtractor.java:29)\n\tat org.assertj.core.api.AbstractAssert.extracting(AbstractAssert.java:1137)\n\tat org.assertj.core.api.AbstractObjectAssert.extracting(AbstractObjectAssert.java:843)\n\tat StepDefinitions.ItemProductCountTest.total_unique_count_occurs_for_each_product(ItemProductCountTest.java:38)\n\tat java.base/jdk.internal.reflect.NativeMethodAccessorImpl.invoke0(Native Method)\n\tat java.base/jdk.internal.reflect.NativeMethodAccessorImpl.invoke(NativeMethodAccessorImpl.java:77)\n\tat java.base/jdk.internal.reflect.DelegatingMethodAccessorImpl.invoke(DelegatingMethodAccessorImpl.java:43)\n\tat java.base/java.lang.reflect.Method.invoke(Method.java:568)\n\tat io.cucumber.java.Invoker.doInvoke(Invoker.java:66)\n\tat io.cucumber.java.Invoker.invoke(Invoker.java:24)\n\tat io.cucumber.java.AbstractGlueDefinition.invokeMethod(AbstractGlueDefinition.java:47)\n\tat io.cucumber.java.JavaStepDefinition.execute(JavaStepDefinition.java:29)\n\tat io.cucumber.core.runner.CoreStepDefinition.execute(CoreStepDefinition.java:66)\n\tat io.cucumber.core.runner.PickleStepDefinitionMatch.runStep(PickleStepDefinitionMatch.java:63)\n\tat io.cucumber.core.runner.ExecutionMode$1.execute(ExecutionMode.java:10)\n\tat io.cucumber.core.runner.TestStep.executeStep(TestStep.java:84)\n\tat io.cucumber.core.runner.TestStep.run(TestStep.java:56)\n\tat io.cucumber.core.runner.PickleStepTestStep.run(PickleStepTestStep.java:51)\n\tat io.cucumber.core.runner.TestCase.run(TestCase.java:84)\n\tat io.cucumber.core.runner.Runner.runPickle(Runner.java:75)\n\tat io.cucumber.junit.PickleRunners$NoStepDescriptions.lambda$run$0(PickleRunners.java:151)\n\tat io.cucumber.core.runtime.CucumberExecutionContext.lambda$runTestCase$5(CucumberExecutionContext.java:137)\n\tat io.cucumber.core.runtime.RethrowingThrowableCollector.executeAndThrow(RethrowingThrowableCollector.java:23)\n\tat io.cucumber.core.runtime.CucumberExecutionContext.runTestCase(CucumberExecutionContext.java:137)\n\tat io.cucumber.junit.PickleRunners$NoStepDescriptions.run(PickleRunners.java:148)\n\tat io.cucumber.junit.FeatureRunner.runChild(FeatureRunner.java:144)\n\tat io.cucumber.junit.FeatureRunner.runChild(FeatureRunner.java:28)\n\tat org.junit.runners.ParentRunner$4.run(ParentRunner.java:331)\n\tat org.junit.runners.ParentRunner$1.schedule(ParentRunner.java:79)\n\tat org.junit.runners.ParentRunner.runChildren(ParentRunner.java:329)\n\tat org.junit.runners.ParentRunner.access$100(ParentRunner.java:66)\n\tat org.junit.runners.ParentRunner$2.evaluate(ParentRunner.java:293)\n\tat org.junit.runners.ParentRunner$3.evaluate(ParentRunner.java:306)\n\tat org.junit.runners.ParentRunner.run(ParentRunner.java:413)\n\tat io.cucumber.junit.FeatureRunner.run(FeatureRunner.java:137)\n\tat io.cucumber.junit.Cucumber.runChild(Cucumber.java:196)\n\tat io.cucumber.junit.Cucumber.runChild(Cucumber.java:89)\n\tat org.junit.runners.ParentRunner$4.run(ParentRunner.java:331)\n\tat org.junit.runners.ParentRunner$1.schedule(ParentRunner.java:79)\n\tat org.junit.runners.ParentRunner.runChildren(ParentRunner.java:329)\n\tat org.junit.runners.ParentRunner.access$100(ParentRunner.java:66)\n\tat org.junit.runners.ParentRunner$2.evaluate(ParentRunner.java:293)\n\tat io.cucumber.core.runtime.CucumberExecutionContext.lambda$runFeatures$6(CucumberExecutionContext.java:148)\n\tat io.cucumber.core.runtime.CucumberExecutionContext.execute(CucumberExecutionContext.java:163)\n\tat io.cucumber.core.runtime.CucumberExecutionContext.runFeatures(CucumberExecutionContext.java:146)\n\tat io.cucumber.junit.Cucumber$StartAndFinishTestRun.evaluate(Cucumber.java:226)\n\tat org.junit.runners.ParentRunner$3.evaluate(ParentRunner.java:306)\n\tat org.junit.runners.ParentRunner.run(ParentRunner.java:413)\n\tat org.apache.maven.surefire.junit4.JUnit4Provider.execute(JUnit4Provider.java:252)\n\tat org.apache.maven.surefire.junit4.JUnit4Provider.executeTestSet(JUnit4Provider.java:141)\n\tat org.apache.maven.surefire.junit4.JUnit4Provider.invoke(JUnit4Provider.java:112)\n\tat java.base/jdk.internal.reflect.NativeMethodAccessorImpl.invoke0(Native Method)\n\tat java.base/jdk.internal.reflect.NativeMethodAccessorImpl.invoke(NativeMethodAccessorImpl.java:77)\n\tat java.base/jdk.internal.reflect.DelegatingMethodAccessorImpl.invoke(DelegatingMethodAccessorImpl.java:43)\n\tat java.base/java.lang.reflect.Method.invoke(Method.java:568)\n\tat org.apache.maven.surefire.util.ReflectionUtils.invokeMethodWithArray(ReflectionUtils.java:189)\n\tat org.apache.maven.surefire.booter.ProviderFactory$ProviderProxy.invoke(ProviderFactory.java:165)\n\tat org.apache.maven.surefire.booter.ProviderFactory.invokeProvider(ProviderFactory.java:85)\n\tat org.apache.maven.surefire.booter.ForkedBooter.runSuitesInProcess(ForkedBooter.java:115)\n\tat org.apache.maven.surefire.booter.ForkedBooter.main(ForkedBooter.java:75)\nCaused by: java.lang.IllegalArgumentException: Cannot locate field Appwle on class java.util.HashMap\n\tat org.assertj.core.util.Preconditions.checkArgument(Preconditions.java:131)\n\tat org.assertj.core.util.introspection.FieldUtils.readField(FieldUtils.java:168)\n\tat org.assertj.core.util.introspection.FieldSupport.readSimpleField(FieldSupport.java:208)\n\t... 63 more\n"},"stage":"finished","steps":[{"name":"Given  a there are items in basket","status":"passed","statusDetails":{"known":false,"muted":false,"flaky":false},"stage":"finished","steps":[],"attachments":[],"parameters":[],"start":1708329703092,"stop":1708329703092},{"name":"When  the basket is created","status":"passed","statusDetails":{"known":false,"muted":false,"flaky":false},"stage":"finished","steps":[],"attachments":[],"parameters":[],"start":1708329703093,"stop":1708329703093},{"name":"Then  total unique count occurs for each product","status":"broken","statusDetails":{"known":false,"muted":false,"flaky":false,"message":"\nCan't find any field or property with name 'Appwle'.\nError when introspecting properties was :\n- No getter for property 'Appwle' in java.util.HashMap \nError when introspecting fields was :\n- Unable to obtain the value of the field <'Appwle'> from <{Lime=2, Apple=4, Watermelon=1, Melon=1}>","trace":"org.assertj.core.util.introspection.IntrospectionError: \nCan't find any field or property with name 'Appwle'.\nError when introspecting properties was :\n- No getter for property 'Appwle' in java.util.HashMap \nError when introspecting fields was :\n- Unable to obtain the value of the field <'Appwle'> from <{Lime=2, Apple=4, Watermelon=1, Melon=1}>\n\tat org.assertj.core.util.introspection.PropertyOrFieldSupport.getSimpleValue(PropertyOrFieldSupport.java:91)\n\tat org.assertj.core.util.introspection.PropertyOrFieldSupport.getValueOf(PropertyOrFieldSupport.java:61)\n\tat org.assertj.core.extractor.ByNameSingleExtractor.apply(ByNameSingleExtractor.java:29)\n\tat org.assertj.core.api.AbstractAssert.extracting(AbstractAssert.java:1137)\n\tat org.assertj.core.api.AbstractObjectAssert.extracting(AbstractObjectAssert.java:843)\n\tat StepDefinitions.ItemProductCountTest.total_unique_count_occurs_for_each_product(ItemProductCountTest.java:38)\n\tat ✽.total unique count occurs for each product(file:///Users/gurpreet/Documents/mytesting/LearnWithShoppingCartJava/src/test/resources/Features/itemProductCount.feature:5)\nCaused by: org.assertj.core.util.introspection.IntrospectionError: Unable to obtain the value of the field <'Appwle'> from <{Lime=2, Apple=4, Watermelon=1, Melon=1}>\n\tat org.assertj.core.util.introspection.FieldSupport.readSimpleField(FieldSupport.java:248)\n\tat org.assertj.core.util.introspection.FieldSupport.fieldValue(FieldSupport.java:202)\n\tat org.assertj.core.util.introspection.PropertyOrFieldSupport.getSimpleValue(PropertyOrFieldSupport.java:75)\n\tat org.assertj.core.util.introspection.PropertyOrFieldSupport.getValueOf(PropertyOrFieldSupport.java:61)\n\tat org.assertj.core.extractor.ByNameSingleExtractor.apply(ByNameSingleExtractor.java:29)\n\tat org.assertj.core.api.AbstractAssert.extracting(AbstractAssert.java:1137)\n\tat org.assertj.core.api.AbstractObjectAssert.extracting(AbstractObjectAssert.java:843)\n\tat StepDefinitions.ItemProductCountTest.total_unique_count_occurs_for_each_product(ItemProductCountTest.java:38)\n\tat java.base/jdk.internal.reflect.NativeMethodAccessorImpl.invoke0(Native Method)\n\tat java.base/jdk.internal.reflect.NativeMethodAccessorImpl.invoke(NativeMethodAccessorImpl.java:77)\n\tat java.base/jdk.internal.reflect.DelegatingMethodAccessorImpl.invoke(DelegatingMethodAccessorImpl.java:43)\n\tat java.base/java.lang.reflect.Method.invoke(Method.java:568)\n\tat io.cucumber.java.Invoker.doInvoke(Invoker.java:66)\n\tat io.cucumber.java.Invoker.invoke(Invoker.java:24)\n\tat io.cucumber.java.AbstractGlueDefinition.invokeMethod(AbstractGlueDefinition.java:47)\n\tat io.cucumber.java.JavaStepDefinition.execute(JavaStepDefinition.java:29)\n\tat io.cucumber.core.runner.CoreStepDefinition.execute(CoreStepDefinition.java:66)\n\tat io.cucumber.core.runner.PickleStepDefinitionMatch.runStep(PickleStepDefinitionMatch.java:63)\n\tat io.cucumber.core.runner.ExecutionMode$1.execute(ExecutionMode.java:10)\n\tat io.cucumber.core.runner.TestStep.executeStep(TestStep.java:84)\n\tat io.cucumber.core.runner.TestStep.run(TestStep.java:56)\n\tat io.cucumber.core.runner.PickleStepTestStep.run(PickleStepTestStep.java:51)\n\tat io.cucumber.core.runner.TestCase.run(TestCase.java:84)\n\tat io.cucumber.core.runner.Runner.runPickle(Runner.java:75)\n\tat io.cucumber.junit.PickleRunners$NoStepDescriptions.lambda$run$0(PickleRunners.java:151)\n\tat io.cucumber.core.runtime.CucumberExecutionContext.lambda$runTestCase$5(CucumberExecutionContext.java:137)\n\tat io.cucumber.core.runtime.RethrowingThrowableCollector.executeAndThrow(RethrowingThrowableCollector.java:23)\n\tat io.cucumber.core.runtime.CucumberExecutionContext.runTestCase(CucumberExecutionContext.java:137)\n\tat io.cucumber.junit.PickleRunners$NoStepDescriptions.run(PickleRunners.java:148)\n\tat io.cucumber.junit.FeatureRunner.runChild(FeatureRunner.java:144)\n\tat io.cucumber.junit.FeatureRunner.runChild(FeatureRunner.java:28)\n\tat org.junit.runners.ParentRunner$4.run(ParentRunner.java:331)\n\tat org.junit.runners.ParentRunner$1.schedule(ParentRunner.java:79)\n\tat org.junit.runners.ParentRunner.runChildren(ParentRunner.java:329)\n\tat org.junit.runners.ParentRunner.access$100(ParentRunner.java:66)\n\tat org.junit.runners.ParentRunner$2.evaluate(ParentRunner.java:293)\n\tat org.junit.runners.ParentRunner$3.evaluate(ParentRunner.java:306)\n\tat org.junit.runners.ParentRunner.run(ParentRunner.java:413)\n\tat io.cucumber.junit.FeatureRunner.run(FeatureRunner.java:137)\n\tat io.cucumber.junit.Cucumber.runChild(Cucumber.java:196)\n\tat io.cucumber.junit.Cucumber.runChild(Cucumber.java:89)\n\tat org.junit.runners.ParentRunner$4.run(ParentRunner.java:331)\n\tat org.junit.runners.ParentRunner$1.schedule(ParentRunner.java:79)\n\tat org.junit.runners.ParentRunner.runChildren(ParentRunner.java:329)\n\tat org.junit.runners.ParentRunner.access$100(ParentRunner.java:66)\n\tat org.junit.runners.ParentRunner$2.evaluate(ParentRunner.java:293)\n\tat io.cucumber.core.runtime.CucumberExecutionContext.lambda$runFeatures$6(CucumberExecutionContext.java:148)\n\tat io.cucumber.core.runtime.CucumberExecutionContext.execute(CucumberExecutionContext.java:163)\n\tat io.cucumber.core.runtime.CucumberExecutionContext.runFeatures(CucumberExecutionContext.java:146)\n\tat io.cucumber.junit.Cucumber$StartAndFinishTestRun.evaluate(Cucumber.java:226)\n\tat org.junit.runners.ParentRunner$3.evaluate(ParentRunner.java:306)\n\tat org.junit.runners.ParentRunner.run(ParentRunner.java:413)\n\tat org.apache.maven.surefire.junit4.JUnit4Provider.execute(JUnit4Provider.java:252)\n\tat org.apache.maven.surefire.junit4.JUnit4Provider.executeTestSet(JUnit4Provider.java:141)\n\tat org.apache.maven.surefire.junit4.JUnit4Provider.invoke(JUnit4Provider.java:112)\n\tat java.base/jdk.internal.reflect.NativeMethodAccessorImpl.invoke0(Native Method)\n\tat java.base/jdk.internal.reflect.NativeMethodAccessorImpl.invoke(NativeMethodAccessorImpl.java:77)\n\tat java.base/jdk.internal.reflect.DelegatingMethodAccessorImpl.invoke(DelegatingMethodAccessorImpl.java:43)\n\tat java.base/java.lang.reflect.Method.invoke(Method.java:568)\n\tat org.apache.maven.surefire.util.ReflectionUtils.invokeMethodWithArray(ReflectionUtils.java:189)\n\tat org.apache.maven.surefire.booter.ProviderFactory$ProviderProxy.invoke(ProviderFactory.java:165)\n\tat org.apache.maven.surefire.booter.ProviderFactory.invokeProvider(ProviderFactory.java:85)\n\tat org.apache.maven.surefire.booter.ForkedBooter.runSuitesInProcess(ForkedBooter.java:115)\n\tat org.apache.maven.surefire.booter.ForkedBooter.main(ForkedBooter.java:75)\nCaused by: java.lang.IllegalArgumentException: Cannot locate field Appwle on class java.util.HashMap\n\tat org.assertj.core.util.Preconditions.checkArgument(Preconditions.java:131)\n\tat org.assertj.core.util.introspection.FieldUtils.readField(FieldUtils.java:168)\n\tat org.assertj.core.util.introspection.FieldSupport.readSimpleField(FieldSupport.java:208)\n\t... 63 more\n"},"stage":"finished","steps":[],"attachments":[],"parameters":[],"start":1708329703093,"stop":1708329703108}],"attachments":[],"parameters":[],"start":1708329703092,"stop":1708329703116}